[14:21:29] [main/INFO]: Environment: authHost='https://authserver.mojang.com', accountsHost='https://api.mojang.com', sessionHost='https://sessionserver.mojang.com', servicesHost='https://api.minecraftservices.com', name='PROD'
[14:21:29] [main/INFO]: Reloading ResourceManager: Default, bukkit
[14:21:30] [Worker-Main-10/INFO]: Loaded 7 recipes
[14:21:31] [Server thread/INFO]: Starting minecraft server version 1.17
[14:21:31] [Server thread/INFO]: Loading properties
[14:21:31] [Server thread/INFO]: This server is running CraftBukkit version 3151-Spigot-101ebb6-68d4031 (MC: 1.17) (Implementing API version 1.17-R0.1-SNAPSHOT)
[14:21:31] [Server thread/INFO]: Debug logging is disabled
[14:21:31] [Server thread/INFO]: Server Ping Player Sample Count: 12
[14:21:31] [Server thread/INFO]: Using 4 threads for Netty based IO
[14:21:31] [Server thread/INFO]: Default game type: SURVIVAL
[14:21:31] [Server thread/INFO]: Generating keypair
[14:21:32] [Server thread/INFO]: Starting Minecraft server on 0.0.0.0:25565
[14:21:32] [Server thread/INFO]: Using default channel type
[14:21:32] [Server thread/INFO]: [SkinsRestorer] Loading SkinsRestorer v14.1.1
[14:21:32] [Server thread/WARN]: **** SERVER IS RUNNING IN OFFLINE/INSECURE MODE!
[14:21:32] [Server thread/WARN]: The server will make no attempt to authenticate usernames. Beware.
[14:21:32] [Server thread/WARN]: While this makes the game possible to play without internet access, it also opens up the ability for hackers to connect with any username they choose.
[14:21:32] [Server thread/WARN]: To change this, set "online-mode" to "true" in the server.properties file.
[14:21:32] [Server thread/INFO]: Preparing level "world"
[14:21:32] [Server thread/INFO]: -------- World Settings For [world] --------
[14:21:32] [Server thread/INFO]: Item Merge Radius: 2.5
[14:21:32] [Server thread/INFO]: Item Despawn Rate: 6000
[14:21:32] [Server thread/INFO]: Entity Tracking Range: Pl 48 / An 48 / Mo 48 / Mi 32 / Other 64
[14:21:32] [Server thread/INFO]: Allow Zombie Pigmen to spawn from portal blocks: true
[14:21:32] [Server thread/INFO]: View Distance: 10
[14:21:32] [Server thread/INFO]: Arrow Despawn Rate: 1200 Trident Respawn Rate:1200
[14:21:32] [Server thread/INFO]: Zombie Aggressive Towards Villager: true
[14:21:32] [Server thread/INFO]: Mob Spawn Range: 6
[14:21:32] [Server thread/INFO]: Experience Merge Radius: 3.0
[14:21:32] [Server thread/INFO]: Cactus Growth Modifier: 100%
[14:21:32] [Server thread/INFO]: Cane Growth Modifier: 100%
[14:21:32] [Server thread/INFO]: Melon Growth Modifier: 100%
[14:21:32] [Server thread/INFO]: Mushroom Growth Modifier: 100%
[14:21:32] [Server thread/INFO]: Pumpkin Growth Modifier: 100%
[14:21:32] [Server thread/INFO]: Sapling Growth Modifier: 100%
[14:21:32] [Server thread/INFO]: Beetroot Growth Modifier: 100%
[14:21:32] [Server thread/INFO]: Carrot Growth Modifier: 100%
[14:21:32] [Server thread/INFO]: Potato Growth Modifier: 100%
[14:21:32] [Server thread/INFO]: Wheat Growth Modifier: 100%
[14:21:32] [Server thread/INFO]: NetherWart Growth Modifier: 100%
[14:21:32] [Server thread/INFO]: Vine Growth Modifier: 100%
[14:21:32] [Server thread/INFO]: Cocoa Growth Modifier: 100%
[14:21:32] [Server thread/INFO]: Bamboo Growth Modifier: 100%
[14:21:32] [Server thread/INFO]: SweetBerry Growth Modifier: 100%
[14:21:32] [Server thread/INFO]: Kelp Growth Modifier: 100%
[14:21:32] [Server thread/INFO]: Entity Activation Range: An 32 / Mo 32 / Ra 48 / Mi 16 / Tiv true
[14:21:32] [Server thread/INFO]: Custom Map Seeds:  Village: 10387312 Desert: 14357617 Igloo: 14357618 Jungle: 14357619 Swamp: 14357620 Monument: 10387313 Ocean: 14357621 Shipwreck: 165745295 End City: 10387313 Slime: 987234911 Bastion: 30084232 Fortress: 30084232 Mansion: 10387319 Fossil: 14357921 Portal: 34222645
[14:21:32] [Server thread/INFO]: Hopper Transfer: 8 Hopper Check: 1 Hopper Amount: 1
[14:21:32] [Server thread/INFO]: Max TNT Explosions: 100
[14:21:32] [Server thread/INFO]: Tile Max Tick Time: 50ms Entity max Tick Time: 50ms
[14:21:32] [Server thread/INFO]: Nerfing mobs spawned from spawners: false
[14:21:33] [Server thread/INFO]: -------- World Settings For [world_nether] --------
[14:21:33] [Server thread/INFO]: Item Merge Radius: 2.5
[14:21:33] [Server thread/INFO]: Item Despawn Rate: 6000
[14:21:33] [Server thread/INFO]: Entity Tracking Range: Pl 48 / An 48 / Mo 48 / Mi 32 / Other 64
[14:21:33] [Server thread/INFO]: Allow Zombie Pigmen to spawn from portal blocks: true
[14:21:33] [Server thread/INFO]: View Distance: 10
[14:21:33] [Server thread/INFO]: Arrow Despawn Rate: 1200 Trident Respawn Rate:1200
[14:21:33] [Server thread/INFO]: Zombie Aggressive Towards Villager: true
[14:21:33] [Server thread/INFO]: Mob Spawn Range: 6
[14:21:33] [Server thread/INFO]: Experience Merge Radius: 3.0
[14:21:33] [Server thread/INFO]: Cactus Growth Modifier: 100%
[14:21:33] [Server thread/INFO]: Cane Growth Modifier: 100%
[14:21:33] [Server thread/INFO]: Melon Growth Modifier: 100%
[14:21:33] [Server thread/INFO]: Mushroom Growth Modifier: 100%
[14:21:33] [Server thread/INFO]: Pumpkin Growth Modifier: 100%
[14:21:33] [Server thread/INFO]: Sapling Growth Modifier: 100%
[14:21:33] [Server thread/INFO]: Beetroot Growth Modifier: 100%
[14:21:33] [Server thread/INFO]: Carrot Growth Modifier: 100%
[14:21:33] [Server thread/INFO]: Potato Growth Modifier: 100%
[14:21:33] [Server thread/INFO]: Wheat Growth Modifier: 100%
[14:21:33] [Server thread/INFO]: NetherWart Growth Modifier: 100%
[14:21:33] [Server thread/INFO]: Vine Growth Modifier: 100%
[14:21:33] [Server thread/INFO]: Cocoa Growth Modifier: 100%
[14:21:33] [Server thread/INFO]: Bamboo Growth Modifier: 100%
[14:21:33] [Server thread/INFO]: SweetBerry Growth Modifier: 100%
[14:21:33] [Server thread/INFO]: Kelp Growth Modifier: 100%
[14:21:33] [Server thread/INFO]: Entity Activation Range: An 32 / Mo 32 / Ra 48 / Mi 16 / Tiv true
[14:21:33] [Server thread/INFO]: Custom Map Seeds:  Village: 10387312 Desert: 14357617 Igloo: 14357618 Jungle: 14357619 Swamp: 14357620 Monument: 10387313 Ocean: 14357621 Shipwreck: 165745295 End City: 10387313 Slime: 987234911 Bastion: 30084232 Fortress: 30084232 Mansion: 10387319 Fossil: 14357921 Portal: 34222645
[14:21:33] [Server thread/INFO]: Hopper Transfer: 8 Hopper Check: 1 Hopper Amount: 1
[14:21:33] [Server thread/INFO]: Max TNT Explosions: 100
[14:21:33] [Server thread/INFO]: Tile Max Tick Time: 50ms Entity max Tick Time: 50ms
[14:21:33] [Server thread/INFO]: Nerfing mobs spawned from spawners: false
[14:21:33] [Server thread/INFO]: -------- World Settings For [world_the_end] --------
[14:21:33] [Server thread/INFO]: Item Merge Radius: 2.5
[14:21:33] [Server thread/INFO]: Item Despawn Rate: 6000
[14:21:33] [Server thread/INFO]: Entity Tracking Range: Pl 48 / An 48 / Mo 48 / Mi 32 / Other 64
[14:21:33] [Server thread/INFO]: Allow Zombie Pigmen to spawn from portal blocks: true
[14:21:33] [Server thread/INFO]: View Distance: 10
[14:21:33] [Server thread/INFO]: Arrow Despawn Rate: 1200 Trident Respawn Rate:1200
[14:21:33] [Server thread/INFO]: Zombie Aggressive Towards Villager: true
[14:21:33] [Server thread/INFO]: Mob Spawn Range: 6
[14:21:33] [Server thread/INFO]: Experience Merge Radius: 3.0
[14:21:33] [Server thread/INFO]: Cactus Growth Modifier: 100%
[14:21:33] [Server thread/INFO]: Cane Growth Modifier: 100%
[14:21:33] [Server thread/INFO]: Melon Growth Modifier: 100%
[14:21:33] [Server thread/INFO]: Mushroom Growth Modifier: 100%
[14:21:33] [Server thread/INFO]: Pumpkin Growth Modifier: 100%
[14:21:33] [Server thread/INFO]: Sapling Growth Modifier: 100%
[14:21:33] [Server thread/INFO]: Beetroot Growth Modifier: 100%
[14:21:33] [Server thread/INFO]: Carrot Growth Modifier: 100%
[14:21:33] [Server thread/INFO]: Potato Growth Modifier: 100%
[14:21:33] [Server thread/INFO]: Wheat Growth Modifier: 100%
[14:21:33] [Server thread/INFO]: NetherWart Growth Modifier: 100%
[14:21:33] [Server thread/INFO]: Vine Growth Modifier: 100%
[14:21:33] [Server thread/INFO]: Cocoa Growth Modifier: 100%
[14:21:33] [Server thread/INFO]: Bamboo Growth Modifier: 100%
[14:21:33] [Server thread/INFO]: SweetBerry Growth Modifier: 100%
[14:21:33] [Server thread/INFO]: Kelp Growth Modifier: 100%
[14:21:33] [Server thread/INFO]: Entity Activation Range: An 32 / Mo 32 / Ra 48 / Mi 16 / Tiv true
[14:21:33] [Server thread/INFO]: Custom Map Seeds:  Village: 10387312 Desert: 14357617 Igloo: 14357618 Jungle: 14357619 Swamp: 14357620 Monument: 10387313 Ocean: 14357621 Shipwreck: 165745295 End City: 10387313 Slime: 987234911 Bastion: 30084232 Fortress: 30084232 Mansion: 10387319 Fossil: 14357921 Portal: 34222645
[14:21:33] [Server thread/INFO]: Hopper Transfer: 8 Hopper Check: 1 Hopper Amount: 1
[14:21:33] [Server thread/INFO]: Max TNT Explosions: 100
[14:21:33] [Server thread/INFO]: Tile Max Tick Time: 50ms Entity max Tick Time: 50ms
[14:21:33] [Server thread/INFO]: Nerfing mobs spawned from spawners: false
[14:21:33] [Server thread/INFO]: Preparing start region for dimension minecraft:overworld
[14:21:33] [Worker-Main-8/INFO]: Preparing spawn area: 0%
[14:21:33] [Worker-Main-8/INFO]: Preparing spawn area: 0%
[14:21:34] [Worker-Main-13/INFO]: Preparing spawn area: 0%
[14:21:34] [Worker-Main-11/INFO]: Preparing spawn area: 1%
[14:21:35] [Worker-Main-11/INFO]: Preparing spawn area: 5%
[14:21:35] [Worker-Main-14/INFO]: Preparing spawn area: 25%
[14:21:36] [Worker-Main-8/INFO]: Preparing spawn area: 68%
[14:21:37] [Server thread/INFO]: Time elapsed: 4311 ms
[14:21:37] [Server thread/INFO]: Preparing start region for dimension minecraft:the_nether
[14:21:37] [Worker-Main-11/INFO]: Preparing spawn area: 0%
[14:21:37] [Worker-Main-13/INFO]: Preparing spawn area: 0%
[14:21:38] [Worker-Main-14/INFO]: Preparing spawn area: 5%
[14:21:38] [Worker-Main-10/INFO]: Preparing spawn area: 33%
[14:21:39] [Worker-Main-10/INFO]: Preparing spawn area: 38%
[14:21:39] [Worker-Main-8/INFO]: Preparing spawn area: 41%
[14:21:40] [Worker-Main-13/INFO]: Preparing spawn area: 59%
[14:21:41] [Worker-Main-11/INFO]: Preparing spawn area: 73%
[14:21:41] [Server thread/INFO]: Time elapsed: 4013 ms
[14:21:41] [Server thread/INFO]: Preparing start region for dimension minecraft:the_end
[14:21:41] [Worker-Main-13/INFO]: Preparing spawn area: 0%
[14:21:41] [Worker-Main-13/INFO]: Preparing spawn area: 4%
[14:21:42] [Worker-Main-14/INFO]: Preparing spawn area: 16%
[14:21:42] [Worker-Main-11/INFO]: Preparing spawn area: 44%
[14:21:43] [Worker-Main-8/INFO]: Preparing spawn area: 44%
[14:21:43] [Server thread/INFO]: Time elapsed: 2458 ms
[14:21:43] [Server thread/INFO]: [SkinsRestorer] Enabling SkinsRestorer v14.1.1
[14:21:44] [Server thread/INFO]: [0;33;1m[[0;32;22mSkinsRestorer[0;33;1m] [mUsing SpigotSkinRefresher[m
[14:21:44] [Server thread/INFO]: [0;33;1m[[0;32;22mSkinsRestorer[0;33;1m] [m[0;32;1mDetected Minecraft [0;33;1mv1_17_R1[0;32;1m, using [0;33;1mSkinApplierBukkit[0;32;1m.[m
[14:21:44] [Server thread/INFO]: [0;33;1m[[0;32;22mSkinsRestorer[0;33;1m] [mMineskinAPIKey is missing in config.yml! Using default value.[m
[14:21:48] [Server thread/INFO]: Server permissions file permissions.yml is empty, ignoring it
[14:21:48] [Server thread/INFO]: Done (16.068s)! For help, type "help"
[14:21:48] [Server thread/INFO]: Starting GS4 status listener
[14:21:48] [Server thread/INFO]: Thread Query Listener started
[14:21:48] [Query Listener #1/INFO]: Query running on 0.0.0.0:25565
[14:21:49] [Craft Scheduler Thread - 0/INFO]: [0;33;1m[[0;32;22mSkinsRestorer[0;33;1m] [m[0;32;1m----------------------------------------------[m
[14:21:49] [Craft Scheduler Thread - 0/INFO]: [0;33;1m[[0;32;22mSkinsRestorer[0;33;1m] [m[0;32;1m    +===============+[m
[14:21:49] [Craft Scheduler Thread - 0/INFO]: [0;33;1m[[0;32;22mSkinsRestorer[0;33;1m] [m[0;32;1m    | SkinsRestorer |[m
[14:21:49] [Craft Scheduler Thread - 0/INFO]: [0;33;1m[[0;32;22mSkinsRestorer[0;33;1m] [m[0;32;1m    |---------------|[m
[14:21:49] [Craft Scheduler Thread - 0/INFO]: [0;33;1m[[0;32;22mSkinsRestorer[0;33;1m] [m[0;32;1m    |  [0;34;1m[4m[21mBukkit only[0;32;1m  |[m
[14:21:49] [Craft Scheduler Thread - 0/INFO]: [0;33;1m[[0;32;22mSkinsRestorer[0;33;1m] [m[0;32;1m    +===============+[m
[14:21:49] [Craft Scheduler Thread - 0/INFO]: [0;33;1m[[0;32;22mSkinsRestorer[0;33;1m] [m[0;32;1m----------------------------------------------[m
[14:21:49] [Craft Scheduler Thread - 0/INFO]: [0;33;1m[[0;32;22mSkinsRestorer[0;33;1m] [m[0;36;1m    Current version: [0;32;1m14.1.1[m
[14:21:49] [Craft Scheduler Thread - 0/INFO]: [0;33;1m[[0;32;22mSkinsRestorer[0;33;1m] [m[0;32;1m    This is the latest version![m
[14:21:49] [Craft Scheduler Thread - 0/INFO]: [0;33;1m[[0;32;22mSkinsRestorer[0;33;1m] [m[0;32;1m----------------------------------------------[m
[14:29:33] [User Authenticator #1/INFO]: UUID of player steelbreach is 2abedc5b-1a4a-3311-9699-ce7c82384a73
[14:29:34] [Server thread/INFO]: steelbreach[/127.0.0.1:61787] logged in with entity id 1617 at ([world]-3875.555846115976, 129.0, -173.1495344503414)
[14:29:43] [Server thread/INFO]: steelbreach lost connection: Disconnected
[14:29:43] [Server thread/INFO]: steelbreach left the game
[14:31:14] [User Authenticator #2/INFO]: UUID of player steelbreach is 2abedc5b-1a4a-3311-9699-ce7c82384a73
[14:31:15] [Server thread/INFO]: steelbreach[/147.158.247.142:61184] logged in with entity id 1858 at ([world]-3875.555846115976, 129.0, -173.1495344503414)
[14:31:19] [Server thread/INFO]: steelbreach lost connection: Disconnected
[14:31:19] [Server thread/INFO]: steelbreach left the game
[14:33:35] [User Authenticator #3/INFO]: UUID of player steelbreach is 2abedc5b-1a4a-3311-9699-ce7c82384a73
[14:33:36] [Server thread/INFO]: steelbreach[/147.158.247.142:51575] logged in with entity id 2106 at ([world]-3875.555846115976, 129.0, -173.1495344503414)
[14:34:26] [Server thread/INFO]: steelbreach lost connection: Disconnected
[14:34:26] [Server thread/INFO]: steelbreach left the game
[14:41:51] [User Authenticator #4/INFO]: UUID of player hou is 74844237-bae2-36c3-9f9c-1c2a280ba6e7
[14:41:51] [Server thread/INFO]: hou[/175.145.118.112:24149] logged in with entity id 2609 at ([world]-117.59967811668535, 101.0, -625.5236315482405)
[15:12:10] [Server thread/INFO]: hou lost connection: Disconnected
[15:12:10] [Server thread/INFO]: hou left the game
[17:42:52] [Server thread/INFO]: Stopping the server
[17:42:52] [Server thread/INFO]: Stopping server
[17:42:52] [Server thread/INFO]: [SkinsRestorer] Disabling SkinsRestorer v14.1.1
[17:42:52] [Server thread/INFO]: Saving players
[17:42:52] [Server thread/INFO]: Saving worlds
[17:42:52] [Server thread/INFO]: Saving chunks for level 'ServerLevel[world]'/minecraft:overworld
[17:42:52] [Server thread/INFO]: ThreadedAnvilChunkStorage (world): All chunks are saved
[17:42:52] [Server thread/INFO]: Saving chunks for level 'ServerLevel[world_nether]'/minecraft:the_nether
[17:42:52] [Server thread/INFO]: ThreadedAnvilChunkStorage (DIM-1): All chunks are saved
[17:42:52] [Server thread/INFO]: Saving chunks for level 'ServerLevel[world_the_end]'/minecraft:the_end
[17:42:52] [Server thread/INFO]: ThreadedAnvilChunkStorage (DIM1): All chunks are saved
[17:42:52] [Server thread/INFO]: ThreadedAnvilChunkStorage (world): All chunks are saved
[17:42:52] [Server thread/INFO]: ThreadedAnvilChunkStorage (DIM-1): All chunks are saved
[17:42:52] [Server thread/INFO]: ThreadedAnvilChunkStorage (DIM1): All chunks are saved
[17:42:53] [Server thread/INFO]: Thread Query Listener stopped
